<?xml version="1.0" encoding="UTF-8"?>
<!-- Generated by org.testng.reporters.JUnitReportReporter -->
<testsuite skipped="0" hostname="apples-MacBook-Pro.local" name="dbconnectionTest.MyDBTest" tests="1" failures="0" timestamp="18 Jul 2018 13:31:43 GMT" time="0.432" errors="0">
  <testcase name="dbTest" time="0.432" classname="dbconnectionTest.MyDBTest"/>
</testsuite> <!-- dbconnectionTest.MyDBTest -->
