<?xml version="1.0" encoding="UTF-8"?>
<!-- Generated by org.testng.reporters.JUnitReportReporter -->
<testsuite skipped="0" hostname="apples-MacBook-Pro.local" name="testCases.DemoTestScript" tests="1" failures="0" timestamp="25 Jul 2018 16:56:34 GMT" time="7.853" errors="0">
  <testcase name="Test_001" time="7.853" classname="testCases.DemoTestScript"/>
</testsuite> <!-- testCases.DemoTestScript -->
